****                   ADMIXTURE Version 1.3.0                  ****
****                    Copyright 2008-2015                     ****
****           David Alexander, Suyash Shringarpure,            ****
****                John  Novembre, Ken Lange                   ****
****                                                            ****
****                 Please cite our paper!                     ****
****   Information at www.genetics.ucla.edu/software/admixture  ****

Cross-validation will be performed.  Folds=10.
Random seed: 43
Point estimation method: Block relaxation algorithm
Convergence acceleration algorithm: QuasiNewton, 3 secant conditions
Point estimation will terminate when objective function delta < 0.0001
Estimation of standard errors disabled; will compute point estimates only.
Size of G: 27x15544
Performing five EM steps to prime main algorithm
1 (EM) 	Elapsed: 0.019	Loglikelihood: -292173	(delta): 247943
2 (EM) 	Elapsed: 0.019	Loglikelihood: -277973	(delta): 14200.1
3 (EM) 	Elapsed: 0.018	Loglikelihood: -272658	(delta): 5315.3
4 (EM) 	Elapsed: 0.018	Loglikelihood: -268235	(delta): 4423.31
5 (EM) 	Elapsed: 0.018	Loglikelihood: -263473	(delta): 4761.37
Initial loglikelihood: -263473
Starting main algorithm
1 (QN/Block) 	Elapsed: 0.079	Loglikelihood: -195504	(delta): 67968.7
2 (QN/Block) 	Elapsed: 0.078	Loglikelihood: -180414	(delta): 15090.7
3 (QN/Block) 	Elapsed: 0.089	Loglikelihood: -173647	(delta): 6766.65
4 (QN/Block) 	Elapsed: 0.101	Loglikelihood: -169468	(delta): 4179.03
5 (QN/Block) 	Elapsed: 0.09	Loglikelihood: -166859	(delta): 2608.93
6 (QN/Block) 	Elapsed: 0.101	Loglikelihood: -164658	(delta): 2200.96
7 (QN/Block) 	Elapsed: 0.09	Loglikelihood: -163301	(delta): 1357.23
8 (QN/Block) 	Elapsed: 0.087	Loglikelihood: -162930	(delta): 371.207
9 (QN/Block) 	Elapsed: 0.094	Loglikelihood: -162712	(delta): 217.856
10 (QN/Block) 	Elapsed: 0.101	Loglikelihood: -162610	(delta): 102.295
11 (QN/Block) 	Elapsed: 0.089	Loglikelihood: -162578	(delta): 31.9507
12 (QN/Block) 	Elapsed: 0.089	Loglikelihood: -162563	(delta): 14.8799
13 (QN/Block) 	Elapsed: 0.088	Loglikelihood: -162558	(delta): 4.395
14 (QN/Block) 	Elapsed: 0.101	Loglikelihood: -162556	(delta): 2.04271
15 (QN/Block) 	Elapsed: 0.101	Loglikelihood: -162556	(delta): 0.805298
16 (QN/Block) 	Elapsed: 0.1	Loglikelihood: -162556	(delta): 0.0303667
17 (QN/Block) 	Elapsed: 0.099	Loglikelihood: -162556	(delta): 1.73596e-06
Summary: 
Converged in 17 iterations (1.77 sec)
Loglikelihood: -162555.507790
Fst divergences between estimated populations: 
	Pop0	Pop1	
Pop0	
Pop1	0.278	
Pop2	0.480	0.486	
CV error (K=3): 0.58352
Writing output files.
