****                   ADMIXTURE Version 1.3.0                  ****
****                    Copyright 2008-2015                     ****
****           David Alexander, Suyash Shringarpure,            ****
****                John  Novembre, Ken Lange                   ****
****                                                            ****
****                 Please cite our paper!                     ****
****   Information at www.genetics.ucla.edu/software/admixture  ****

Cross-validation will be performed.  Folds=10.
Random seed: 43
Point estimation method: Block relaxation algorithm
Convergence acceleration algorithm: QuasiNewton, 3 secant conditions
Point estimation will terminate when objective function delta < 0.0001
Estimation of standard errors disabled; will compute point estimates only.
Size of G: 27x15544
Performing five EM steps to prime main algorithm
1 (EM) 	Elapsed: 0.04	Loglikelihood: -287285	(delta): 218965
2 (EM) 	Elapsed: 0.04	Loglikelihood: -267321	(delta): 19964.3
3 (EM) 	Elapsed: 0.04	Loglikelihood: -255622	(delta): 11698.9
4 (EM) 	Elapsed: 0.041	Loglikelihood: -243784	(delta): 11838.2
5 (EM) 	Elapsed: 0.041	Loglikelihood: -230997	(delta): 12786.3
Initial loglikelihood: -230997
Starting main algorithm
1 (QN/Block) 	Elapsed: 0.161	Loglikelihood: -168867	(delta): 62130.3
2 (QN/Block) 	Elapsed: 0.164	Loglikelihood: -154814	(delta): 14052.7
3 (QN/Block) 	Elapsed: 0.195	Loglikelihood: -147868	(delta): 6945.94
4 (QN/Block) 	Elapsed: 0.192	Loglikelihood: -143870	(delta): 3998.36
5 (QN/Block) 	Elapsed: 0.188	Loglikelihood: -141896	(delta): 1973.8
6 (QN/Block) 	Elapsed: 0.188	Loglikelihood: -141021	(delta): 874.887
7 (QN/Block) 	Elapsed: 0.176	Loglikelihood: -140653	(delta): 368.256
8 (QN/Block) 	Elapsed: 0.188	Loglikelihood: -140469	(delta): 184.503
9 (QN/Block) 	Elapsed: 0.175	Loglikelihood: -140377	(delta): 91.9688
10 (QN/Block) 	Elapsed: 0.175	Loglikelihood: -140340	(delta): 36.5657
11 (QN/Block) 	Elapsed: 0.177	Loglikelihood: -140306	(delta): 34.1638
12 (QN/Block) 	Elapsed: 0.174	Loglikelihood: -140245	(delta): 61.0566
13 (QN/Block) 	Elapsed: 0.18	Loglikelihood: -140204	(delta): 40.4353
14 (QN/Block) 	Elapsed: 0.19	Loglikelihood: -140168	(delta): 36.065
15 (QN/Block) 	Elapsed: 0.17	Loglikelihood: -140116	(delta): 52.2766
16 (QN/Block) 	Elapsed: 0.174	Loglikelihood: -140076	(delta): 39.8433
17 (QN/Block) 	Elapsed: 0.173	Loglikelihood: -140038	(delta): 38.1313
18 (QN/Block) 	Elapsed: 0.184	Loglikelihood: -140016	(delta): 21.5934
19 (QN/Block) 	Elapsed: 0.189	Loglikelihood: -140004	(delta): 12.447
20 (QN/Block) 	Elapsed: 0.184	Loglikelihood: -140015	(delta): -11.4886
21 (QN/Block) 	Elapsed: 0.173	Loglikelihood: -140000	(delta): 15.8392
22 (QN/Block) 	Elapsed: 0.181	Loglikelihood: -140002	(delta): -2.01302
23 (QN/Block) 	Elapsed: 0.171	Loglikelihood: -140000	(delta): 1.61215
24 (QN/Block) 	Elapsed: 0.174	Loglikelihood: -139997	(delta): 2.57523
25 (QN/Block) 	Elapsed: 0.173	Loglikelihood: -140014	(delta): -16.1845
26 (QN/Block) 	Elapsed: 0.173	Loglikelihood: -140012	(delta): 1.38021
27 (QN/Block) 	Elapsed: 0.172	Loglikelihood: -140012	(delta): -0.0149102
28 (QN/Block) 	Elapsed: 0.172	Loglikelihood: -140031	(delta): -19.1729
29 (QN/Block) 	Elapsed: 0.175	Loglikelihood: -140013	(delta): 18.7854
30 (QN/Block) 	Elapsed: 0.173	Loglikelihood: -140010	(delta): 2.50616
31 (QN/Block) 	Elapsed: 0.175	Loglikelihood: -140010	(delta): -0.0706368
32 (QN/Block) 	Elapsed: 0.172	Loglikelihood: -140009	(delta): 1.37582
33 (QN/Block) 	Elapsed: 0.189	Loglikelihood: -140010	(delta): -0.87183
34 (QN/Block) 	Elapsed: 0.172	Loglikelihood: -140010	(delta): 0.000367794
35 (QN/Block) 	Elapsed: 0.187	Loglikelihood: -140007	(delta): 2.29258
36 (QN/Block) 	Elapsed: 0.175	Loglikelihood: -140007	(delta): 0.137415
37 (QN/Block) 	Elapsed: 0.187	Loglikelihood: -140007	(delta): -0.0406475
38 (QN/Block) 	Elapsed: 0.174	Loglikelihood: -140007	(delta): 0.0923625
39 (QN/Block) 	Elapsed: 0.175	Loglikelihood: -140007	(delta): 0.00757655
40 (QN/Block) 	Elapsed: 0.189	Loglikelihood: -140007	(delta): 0.0290936
41 (QN/Block) 	Elapsed: 0.173	Loglikelihood: -140008	(delta): -1.17547
42 (QN/Block) 	Elapsed: 0.189	Loglikelihood: -140008	(delta): -0.00510439
43 (QN/Block) 	Elapsed: 0.176	Loglikelihood: -140008	(delta): 0.0113239
44 (QN/Block) 	Elapsed: 0.177	Loglikelihood: -140008	(delta): -0.0131779
45 (QN/Block) 	Elapsed: 0.19	Loglikelihood: -140008	(delta): 0.0427123
46 (QN/Block) 	Elapsed: 0.193	Loglikelihood: -140007	(delta): 1.07241
47 (QN/Block) 	Elapsed: 0.181	Loglikelihood: -140007	(delta): 0.105832
48 (QN/Block) 	Elapsed: 0.177	Loglikelihood: -140007	(delta): -0.0167075
49 (QN/Block) 	Elapsed: 0.171	Loglikelihood: -140007	(delta): 0.00606493
50 (QN/Block) 	Elapsed: 0.166	Loglikelihood: -140007	(delta): -0.154183
51 (QN/Block) 	Elapsed: 0.183	Loglikelihood: -140007	(delta): 0.0599868
52 (QN/Block) 	Elapsed: 0.183	Loglikelihood: -140007	(delta): 0.130606
53 (QN/Block) 	Elapsed: 0.179	Loglikelihood: -140007	(delta): -0.0782423
54 (QN/Block) 	Elapsed: 0.173	Loglikelihood: -140007	(delta): -0.0597021
55 (QN/Block) 	Elapsed: 0.189	Loglikelihood: -140008	(delta): -0.936074
56 (QN/Block) 	Elapsed: 0.179	Loglikelihood: -140008	(delta): 0.00554975
57 (QN/Block) 	Elapsed: 0.189	Loglikelihood: -140007	(delta): 1.26066
58 (QN/Block) 	Elapsed: 0.19	Loglikelihood: -140007	(delta): -0.0176742
59 (QN/Block) 	Elapsed: 0.187	Loglikelihood: -140007	(delta): 0.0265159
60 (QN/Block) 	Elapsed: 0.179	Loglikelihood: -140007	(delta): 0.00673468
61 (QN/Block) 	Elapsed: 0.176	Loglikelihood: -140007	(delta): -0.0852274
62 (QN/Block) 	Elapsed: 0.191	Loglikelihood: -140007	(delta): 0.26152
63 (QN/Block) 	Elapsed: 0.177	Loglikelihood: -140007	(delta): -0.525295
64 (QN/Block) 	Elapsed: 0.173	Loglikelihood: -140007	(delta): -0.0168311
65 (QN/Block) 	Elapsed: 0.19	Loglikelihood: -140007	(delta): -0.0270112
66 (QN/Block) 	Elapsed: 0.186	Loglikelihood: -140007	(delta): 0.00400277
67 (QN/Block) 	Elapsed: 0.174	Loglikelihood: -140007	(delta): 0.00247843
68 (QN/Block) 	Elapsed: 0.187	Loglikelihood: -140007	(delta): -0.0621216
69 (QN/Block) 	Elapsed: 0.172	Loglikelihood: -140008	(delta): -0.159196
70 (QN/Block) 	Elapsed: 0.173	Loglikelihood: -140007	(delta): 0.187869
71 (QN/Block) 	Elapsed: 0.17	Loglikelihood: -140007	(delta): -0.0104311
72 (QN/Block) 	Elapsed: 0.172	Loglikelihood: -140007	(delta): 0.0830951
73 (QN/Block) 	Elapsed: 0.172	Loglikelihood: -140007	(delta): -0.0515369
74 (QN/Block) 	Elapsed: 0.186	Loglikelihood: -140008	(delta): -0.165978
75 (QN/Block) 	Elapsed: 0.177	Loglikelihood: -140007	(delta): 0.360967
76 (QN/Block) 	Elapsed: 0.19	Loglikelihood: -140007	(delta): 0.342635
77 (QN/Block) 	Elapsed: 0.188	Loglikelihood: -140007	(delta): -0.189825
78 (QN/Block) 	Elapsed: 0.19	Loglikelihood: -140007	(delta): 0.101673
79 (QN/Block) 	Elapsed: 0.171	Loglikelihood: -140007	(delta): 0.127535
80 (QN/Block) 	Elapsed: 0.174	Loglikelihood: -140007	(delta): -0.00125742
81 (QN/Block) 	Elapsed: 0.171	Loglikelihood: -140007	(delta): 0.00773679
82 (QN/Block) 	Elapsed: 0.174	Loglikelihood: -140007	(delta): -0.227236
83 (QN/Block) 	Elapsed: 0.175	Loglikelihood: -140007	(delta): -0.0171941
84 (QN/Block) 	Elapsed: 0.185	Loglikelihood: -140007	(delta): 1.15708e-06
Summary: 
Converged in 84 iterations (15.721 sec)
Loglikelihood: -140006.997970
Fst divergences between estimated populations: 
	Pop0	Pop1	Pop2	Pop3	Pop4	
Pop0	
Pop1	0.303	
Pop2	0.319	0.400	
Pop3	0.515	0.556	0.513	
Pop4	0.616	0.660	0.610	0.318	
Pop5	0.546	0.635	0.480	0.603	0.708	
CV error (K=6): 0.80546
Writing output files.
