****                   ADMIXTURE Version 1.3.0                  ****
****                    Copyright 2008-2015                     ****
****           David Alexander, Suyash Shringarpure,            ****
****                John  Novembre, Ken Lange                   ****
****                                                            ****
****                 Please cite our paper!                     ****
****   Information at www.genetics.ucla.edu/software/admixture  ****

Cross-validation will be performed.  Folds=10.
Random seed: 43
Point estimation method: Block relaxation algorithm
Convergence acceleration algorithm: QuasiNewton, 3 secant conditions
Point estimation will terminate when objective function delta < 0.0001
Estimation of standard errors disabled; will compute point estimates only.
Size of G: 27x15544
Performing five EM steps to prime main algorithm
1 (EM) 	Elapsed: 0.012	Loglikelihood: -290617	(delta): 289068
2 (EM) 	Elapsed: 0.012	Loglikelihood: -277061	(delta): 13556.7
3 (EM) 	Elapsed: 0.012	Loglikelihood: -272187	(delta): 4873.76
4 (EM) 	Elapsed: 0.012	Loglikelihood: -268592	(delta): 3595.39
5 (EM) 	Elapsed: 0.012	Loglikelihood: -265037	(delta): 3554.17
Initial loglikelihood: -265037
Starting main algorithm
1 (QN/Block) 	Elapsed: 0.057	Loglikelihood: -214097	(delta): 50940.1
2 (QN/Block) 	Elapsed: 0.059	Loglikelihood: -199670	(delta): 14427.5
3 (QN/Block) 	Elapsed: 0.079	Loglikelihood: -192729	(delta): 6941.19
4 (QN/Block) 	Elapsed: 0.076	Loglikelihood: -187913	(delta): 4815.71
5 (QN/Block) 	Elapsed: 0.074	Loglikelihood: -184093	(delta): 3820.42
6 (QN/Block) 	Elapsed: 0.067	Loglikelihood: -181219	(delta): 2873.67
7 (QN/Block) 	Elapsed: 0.077	Loglikelihood: -179756	(delta): 1463.02
8 (QN/Block) 	Elapsed: 0.066	Loglikelihood: -179376	(delta): 380.173
9 (QN/Block) 	Elapsed: 0.065	Loglikelihood: -179340	(delta): 35.7696
10 (QN/Block) 	Elapsed: 0.075	Loglikelihood: -179337	(delta): 3.18316
11 (QN/Block) 	Elapsed: 0.077	Loglikelihood: -179337	(delta): -2.91038e-11
12 (QN/Block) 	Elapsed: 0.077	Loglikelihood: -179337	(delta): 0
Summary: 
Converged in 12 iterations (0.986 sec)
Loglikelihood: -179336.775773
Fst divergences between estimated populations: 
	Pop0	
Pop0	
Pop1	0.458	
CV error (K=2): 0.56319
Writing output files.
