****                   ADMIXTURE Version 1.3.0                  ****
****                    Copyright 2008-2015                     ****
****           David Alexander, Suyash Shringarpure,            ****
****                John  Novembre, Ken Lange                   ****
****                                                            ****
****                 Please cite our paper!                     ****
****   Information at www.genetics.ucla.edu/software/admixture  ****

Cross-validation will be performed.  Folds=10.
Random seed: 43
Point estimation method: Block relaxation algorithm
Convergence acceleration algorithm: QuasiNewton, 3 secant conditions
Point estimation will terminate when objective function delta < 0.0001
Estimation of standard errors disabled; will compute point estimates only.
Size of G: 27x15544
Performing five EM steps to prime main algorithm
1 (EM) 	Elapsed: 0.031	Loglikelihood: -290486	(delta): 221314
2 (EM) 	Elapsed: 0.031	Loglikelihood: -273424	(delta): 17062.7
3 (EM) 	Elapsed: 0.031	Loglikelihood: -264884	(delta): 8539.84
4 (EM) 	Elapsed: 0.031	Loglikelihood: -255778	(delta): 9106.09
5 (EM) 	Elapsed: 0.032	Loglikelihood: -244479	(delta): 11299
Initial loglikelihood: -244479
Starting main algorithm
1 (QN/Block) 	Elapsed: 0.135	Loglikelihood: -168808	(delta): 75670.9
2 (QN/Block) 	Elapsed: 0.133	Loglikelihood: -155909	(delta): 12898.5
3 (QN/Block) 	Elapsed: 0.161	Loglikelihood: -150568	(delta): 5341.53
4 (QN/Block) 	Elapsed: 0.157	Loglikelihood: -147838	(delta): 2730.14
5 (QN/Block) 	Elapsed: 0.162	Loglikelihood: -145995	(delta): 1842.14
6 (QN/Block) 	Elapsed: 0.143	Loglikelihood: -144947	(delta): 1048.68
7 (QN/Block) 	Elapsed: 0.141	Loglikelihood: -144464	(delta): 483.049
8 (QN/Block) 	Elapsed: 0.156	Loglikelihood: -144305	(delta): 158.612
9 (QN/Block) 	Elapsed: 0.155	Loglikelihood: -144229	(delta): 75.9313
10 (QN/Block) 	Elapsed: 0.141	Loglikelihood: -144200	(delta): 29.5563
11 (QN/Block) 	Elapsed: 0.154	Loglikelihood: -144194	(delta): 5.89063
12 (QN/Block) 	Elapsed: 0.14	Loglikelihood: -144191	(delta): 2.76805
13 (QN/Block) 	Elapsed: 0.155	Loglikelihood: -144190	(delta): 1.20493
14 (QN/Block) 	Elapsed: 0.156	Loglikelihood: -144190	(delta): 0.0814285
15 (QN/Block) 	Elapsed: 0.142	Loglikelihood: -144190	(delta): 9.2656e-05
Summary: 
Converged in 15 iterations (2.496 sec)
Loglikelihood: -144189.679808
Fst divergences between estimated populations: 
	Pop0	Pop1	Pop2	Pop3	
Pop0	
Pop1	0.567	
Pop2	0.562	0.286	
Pop3	0.256	0.516	0.509	
Pop4	0.658	0.477	0.520	0.606	
CV error (K=5): 0.75005
Writing output files.
