****                   ADMIXTURE Version 1.3.0                  ****
****                    Copyright 2008-2015                     ****
****           David Alexander, Suyash Shringarpure,            ****
****                John  Novembre, Ken Lange                   ****
****                                                            ****
****                 Please cite our paper!                     ****
****   Information at www.genetics.ucla.edu/software/admixture  ****

Cross-validation will be performed.  Folds=10.
Random seed: 43
Point estimation method: Block relaxation algorithm
Convergence acceleration algorithm: QuasiNewton, 3 secant conditions
Point estimation will terminate when objective function delta < 0.0001
Estimation of standard errors disabled; will compute point estimates only.
Size of G: 27x15544
Performing five EM steps to prime main algorithm
1 (EM) 	Elapsed: 0.025	Loglikelihood: -289098	(delta): 234907
2 (EM) 	Elapsed: 0.024	Loglikelihood: -272002	(delta): 17095.8
3 (EM) 	Elapsed: 0.024	Loglikelihood: -263209	(delta): 8793.93
4 (EM) 	Elapsed: 0.024	Loglikelihood: -253901	(delta): 9308
5 (EM) 	Elapsed: 0.024	Loglikelihood: -242510	(delta): 11390.3
Initial loglikelihood: -242510
Starting main algorithm
1 (QN/Block) 	Elapsed: 0.114	Loglikelihood: -175975	(delta): 66535.1
2 (QN/Block) 	Elapsed: 0.108	Loglikelihood: -163294	(delta): 12680.8
3 (QN/Block) 	Elapsed: 0.137	Loglikelihood: -157812	(delta): 5482.79
4 (QN/Block) 	Elapsed: 0.134	Loglikelihood: -155315	(delta): 2496.58
5 (QN/Block) 	Elapsed: 0.135	Loglikelihood: -153955	(delta): 1360.03
6 (QN/Block) 	Elapsed: 0.136	Loglikelihood: -153404	(delta): 550.692
7 (QN/Block) 	Elapsed: 0.119	Loglikelihood: -153221	(delta): 183.358
8 (QN/Block) 	Elapsed: 0.123	Loglikelihood: -153138	(delta): 83.2946
9 (QN/Block) 	Elapsed: 0.123	Loglikelihood: -153113	(delta): 24.6084
10 (QN/Block) 	Elapsed: 0.121	Loglikelihood: -153105	(delta): 7.69215
11 (QN/Block) 	Elapsed: 0.116	Loglikelihood: -153104	(delta): 1.08863
12 (QN/Block) 	Elapsed: 0.107	Loglikelihood: -153104	(delta): -0.00513959
13 (QN/Block) 	Elapsed: 0.114	Loglikelihood: -153105	(delta): -0.385733
14 (QN/Block) 	Elapsed: 0.127	Loglikelihood: -153103	(delta): 1.55823
15 (QN/Block) 	Elapsed: 0.115	Loglikelihood: -153103	(delta): 0.000198088
16 (QN/Block) 	Elapsed: 0.117	Loglikelihood: -153103	(delta): 1.25146e-09
Summary: 
Converged in 16 iterations (2.175 sec)
Loglikelihood: -153103.134948
Fst divergences between estimated populations: 
	Pop0	Pop1	Pop2	
Pop0	
Pop1	0.536	
Pop2	0.498	0.289	
Pop3	0.579	0.488	0.491	
CV error (K=4): 0.61644
Writing output files.
