****                   ADMIXTURE Version 1.3.0                  ****
****                    Copyright 2008-2015                     ****
****           David Alexander, Suyash Shringarpure,            ****
****                John  Novembre, Ken Lange                   ****
****                                                            ****
****                 Please cite our paper!                     ****
****   Information at www.genetics.ucla.edu/software/admixture  ****

Cross-validation will be performed.  Folds=5.
Random seed: 43
Point estimation method: Block relaxation algorithm
Convergence acceleration algorithm: QuasiNewton, 3 secant conditions
Point estimation will terminate when objective function delta < 0.0001
Estimation of standard errors disabled; will compute point estimates only.
Size of G: 27x18416
Performing five EM steps to prime main algorithm
1 (EM) 	Elapsed: 0.037	Loglikelihood: -408951	(delta): 299627
2 (EM) 	Elapsed: 0.037	Loglikelihood: -385605	(delta): 23346.1
3 (EM) 	Elapsed: 0.037	Loglikelihood: -372551	(delta): 13053.5
4 (EM) 	Elapsed: 0.037	Loglikelihood: -356861	(delta): 15690.1
5 (EM) 	Elapsed: 0.037	Loglikelihood: -336397	(delta): 20464
Initial loglikelihood: -336397
Starting main algorithm
1 (QN/Block) 	Elapsed: 0.154	Loglikelihood: -235239	(delta): 101158
2 (QN/Block) 	Elapsed: 0.154	Loglikelihood: -217154	(delta): 18084.4
3 (QN/Block) 	Elapsed: 0.168	Loglikelihood: -209511	(delta): 7643.19
4 (QN/Block) 	Elapsed: 0.167	Loglikelihood: -204946	(delta): 4564.87
5 (QN/Block) 	Elapsed: 0.167	Loglikelihood: -202175	(delta): 2771.87
6 (QN/Block) 	Elapsed: 0.166	Loglikelihood: -200816	(delta): 1359.06
7 (QN/Block) 	Elapsed: 0.166	Loglikelihood: -200270	(delta): 545.104
8 (QN/Block) 	Elapsed: 0.166	Loglikelihood: -200154	(delta): 116.789
9 (QN/Block) 	Elapsed: 0.166	Loglikelihood: -200108	(delta): 46.0438
10 (QN/Block) 	Elapsed: 0.165	Loglikelihood: -200073	(delta): 34.0984
11 (QN/Block) 	Elapsed: 0.18	Loglikelihood: -200060	(delta): 13.3338
12 (QN/Block) 	Elapsed: 0.178	Loglikelihood: -200048	(delta): 12.1318
13 (QN/Block) 	Elapsed: 0.163	Loglikelihood: -200042	(delta): 5.83128
14 (QN/Block) 	Elapsed: 0.163	Loglikelihood: -200040	(delta): 2.01674
15 (QN/Block) 	Elapsed: 0.164	Loglikelihood: -200037	(delta): 2.79217
16 (QN/Block) 	Elapsed: 0.164	Loglikelihood: -200032	(delta): 4.94202
17 (QN/Block) 	Elapsed: 0.164	Loglikelihood: -200023	(delta): 9.62886
18 (QN/Block) 	Elapsed: 0.162	Loglikelihood: -200015	(delta): 7.89743
19 (QN/Block) 	Elapsed: 0.164	Loglikelihood: -200013	(delta): 2.14839
20 (QN/Block) 	Elapsed: 0.162	Loglikelihood: -200012	(delta): 0.418295
21 (QN/Block) 	Elapsed: 0.163	Loglikelihood: -200012	(delta): 0.0504981
22 (QN/Block) 	Elapsed: 0.161	Loglikelihood: -200012	(delta): 0.000275643
23 (QN/Block) 	Elapsed: 0.162	Loglikelihood: -200012	(delta): 1.62101e-05
Summary: 
Converged in 23 iterations (4.13 sec)
Loglikelihood: -200012.274051
Fst divergences between estimated populations: 
	Pop0	Pop1	Pop2	Pop3	
Pop0	
Pop1	0.598	
Pop2	0.596	0.258	
Pop3	0.255	0.505	0.503	
Pop4	0.687	0.425	0.492	0.588	
CV error (K=5): 0.68323
Writing output files.
