PLINK v1.90b7.4 64-bit (18 Aug 2024)
Options in effect:
  --allow-extra-chr
  --double-id
  --make-bed
  --out /cfs/klemming/scratch/m/mafaldaf/Teaching/20250900_EvolGenomics/mouse_data/02_filtered_vcfs_for_analysis/chr1.27indvs.QUALFilters.POPFilters.10kbSNPs
  --set-missing-var-ids @:#
  --vcf /cfs/klemming/scratch/m/mafaldaf/Teaching/20250900_EvolGenomics/mouse_data/02_filtered_vcfs_for_analysis/chr1.27indvs.QUALFilters.POPFilters.10kbSNPs.vcf.gz

Hostname: nid001071
Working directory: /cfs/klemming/scratch/m/mafaldaf/Teaching/20250900_EvolGenomics/mouse_data/code
Start time: Mon Aug 25 14:12:07 2025

Random number seed: 1756123927
256304 MB RAM detected; reserving 128152 MB for main workspace.
--vcf:
/cfs/klemming/scratch/m/mafaldaf/Teaching/20250900_EvolGenomics/mouse_data/02_filtered_vcfs_for_analysis/chr1.27indvs.QUALFilters.POPFilters.10kbSNPs-temporary.bed
+
/cfs/klemming/scratch/m/mafaldaf/Teaching/20250900_EvolGenomics/mouse_data/02_filtered_vcfs_for_analysis/chr1.27indvs.QUALFilters.POPFilters.10kbSNPs-temporary.bim
+
/cfs/klemming/scratch/m/mafaldaf/Teaching/20250900_EvolGenomics/mouse_data/02_filtered_vcfs_for_analysis/chr1.27indvs.QUALFilters.POPFilters.10kbSNPs-temporary.fam
written.
15544 variants loaded from .bim file.
15544 missing IDs set.
27 people (0 males, 0 females, 27 ambiguous) loaded from .fam.
Ambiguous sex IDs written to
/cfs/klemming/scratch/m/mafaldaf/Teaching/20250900_EvolGenomics/mouse_data/02_filtered_vcfs_for_analysis/chr1.27indvs.QUALFilters.POPFilters.10kbSNPs.nosex
.
Using 1 thread (no multithreaded calculations invoked).
Before main variant filters, 27 founders and 0 nonfounders present.
Calculating allele frequencies... done.
Total genotyping rate is 0.807926.
15544 variants and 27 people pass filters and QC.
Note: No phenotypes present.
--make-bed to
/cfs/klemming/scratch/m/mafaldaf/Teaching/20250900_EvolGenomics/mouse_data/02_filtered_vcfs_for_analysis/chr1.27indvs.QUALFilters.POPFilters.10kbSNPs.bed
+
/cfs/klemming/scratch/m/mafaldaf/Teaching/20250900_EvolGenomics/mouse_data/02_filtered_vcfs_for_analysis/chr1.27indvs.QUALFilters.POPFilters.10kbSNPs.bim
+
/cfs/klemming/scratch/m/mafaldaf/Teaching/20250900_EvolGenomics/mouse_data/02_filtered_vcfs_for_analysis/chr1.27indvs.QUALFilters.POPFilters.10kbSNPs.fam
... done.

End time: Mon Aug 25 14:12:07 2025
